{"baseUrl":"","host":"localhost","ip":"::1","url":"/"}
{"baseUrl":"","host":"localhost","ip":"::1","url":"/"}
{"baseUrl":"","host":"localhost","ip":"::1","url":"/"}
{"baseUrl":"","host":"localhost","ip":"::1","url":"/"}
{"baseUrl":"","host":"localhost","ip":"::1","url":"/"}
{"baseUrl":"","host":"localhost","ip":"::1","url":"/"}
{"baseUrl":"","host":"localhost","ip":"::1","url":"/"}
{"baseUrl":"","host":"localhost","ip":"::1","url":"/"}
{"baseUrl":"","host":"localhost","ip":"::1","url":"/"}
{"baseUrl":"","host":"localhost","ip":"::1","url":"/"}
{"baseUrl":"","host":"localhost","ip":"::1","url":"/"}
{"baseUrl":"","host":"localhost","ip":"::1","url":"/"}
{"baseUrl":"","host":"localhost","ip":"::1","url":"/"}
{"baseUrl":"","host":"localhost","ip":"::1","url":"/"}
{"baseUrl":"","host":"localhost","ip":"::1","url":"/"}
{"baseUrl":"","host":"localhost","ip":"::1","url":"/"}
{"baseUrl":"","host":"localhost","ip":"::1","url":"/"}
{"baseUrl":"","host":"localhost","ip":"::1","url":"/"}
{"baseUrl":"","host":"localhost","ip":"::1","url":"/"}
{"baseUrl":"","host":"localhost","ip":"::1","url":"/"}
{"baseUrl":"","host":"localhost","ip":"::1","url":"/"}
{"baseUrl":"","host":"localhost","ip":"::1","url":"/"}
{"baseUrl":"","host":"localhost","ip":"::1","url":"/"}
{"baseUrl":"","host":"localhost","ip":"::1","url":"/"}
{"baseUrl":"","host":"localhost","ip":"::1","url":"/"}
{"baseUrl":"","host":"localhost","ip":"::1","url":"/"}
{"baseUrl":"","host":"localhost","ip":"::1","url":"/"}
{"baseUrl":"","host":"localhost","ip":"::1","url":"/"}
{"baseUrl":"","host":"localhost","ip":"::1","url":"/"}
{"baseUrl":"","host":"localhost","ip":"::1","url":"/"}
{"baseUrl":"","host":"localhost","ip":"::1","url":"/"}
{"baseUrl":"","host":"localhost","ip":"::1","url":"/"}
{"baseUrl":"","host":"localhost","ip":"::1","url":"/about"}
{"baseUrl":"","host":"localhost","ip":"::1","url":"/assfdsfadfa"}
{"baseUrl":"","host":"localhost","ip":"::1","url":"/about"}
{"baseUrl":"","host":"localhost","ip":"::1","url":"/afaasadsa"}
{"baseUrl":"","host":"localhost","ip":"::1","url":"/afaasadsa"}
{"baseUrl":"","host":"localhost","ip":"::1","url":"/"}
{"baseUrl":"","host":"localhost","ip":"::1","url":"/"}
{"baseUrl":"","host":"localhost","ip":"::1","url":"/"}
{"baseUrl":"","host":"localhost","ip":"::1","url":"/afaasadsa"}
{"baseUrl":"","host":"localhost","ip":"::1","url":"/afaasadsa"}
{"baseUrl":"","host":"localhost","ip":"::1","url":"/sfgsdgfd"}
